[0.016s] Invoking command in '/home/zeys/projects/velodyne_data_ws/build/udacity-pcl-tut': CMAKE_PREFIX_PATH=${CMAKE_PREFIX_PATH}:/opt/ros/galactic PS1=\u@\h \[\033[32m\]\w\[\033[33m\]$(parse_git_branch)\[\033[00m\] $ /usr/bin/cmake /home/zeys/projects/velodyne_data_ws/src/udacity-pcl-tut -DCMAKE_BUILD_TYPE=RelWithDebInfo -DCMAKE_EXPORT_COMPILE_COMMANDS=1 -DAMENT_CMAKE_SYMLINK_INSTALL=1 -DCMAKE_INSTALL_PREFIX=/home/zeys/projects/velodyne_data_ws/install/udacity-pcl-tut
[0.048s] -- The C compiler identification is GNU 9.4.0
[0.086s] -- The CXX compiler identification is GNU 9.4.0
[0.089s] -- Check for working C compiler: /usr/bin/cc
[0.154s] -- Check for working C compiler: /usr/bin/cc -- works
[0.154s] -- Detecting C compiler ABI info
[0.243s] -- Detecting C compiler ABI info - done
[0.257s] -- Detecting C compile features
[0.257s] -- Detecting C compile features - done
[0.260s] -- Check for working CXX compiler: /usr/bin/c++
[0.336s] -- Check for working CXX compiler: /usr/bin/c++ -- works
[0.336s] -- Detecting CXX compiler ABI info
[0.419s] -- Detecting CXX compiler ABI info - done
[0.425s] -- Detecting CXX compile features
[0.426s] -- Detecting CXX compile features - done
[0.427s] -- Found ament_cmake: 1.1.5 (/opt/ros/galactic/share/ament_cmake/cmake)
[0.441s] -- Found PythonInterp: /usr/bin/python3 (found suitable version "3.8.10", minimum required is "3") 
[0.441s] -- Using PYTHON_EXECUTABLE: /usr/bin/python3
[0.474s] -- Override CMake install command with custom implementation using symlinks instead of copying resources
[0.486s] -- Found ament_lint_auto: 0.10.6 (/opt/ros/galactic/share/ament_lint_auto/cmake)
[0.487s] -- Found rclcpp: 9.2.0 (/opt/ros/galactic/share/rclcpp/cmake)
[0.515s] -- Using all available rosidl_typesupport_c: rosidl_typesupport_fastrtps_c;rosidl_typesupport_introspection_c
[0.518s] -- Found rosidl_adapter: 2.2.1 (/opt/ros/galactic/share/rosidl_adapter/cmake)
[0.562s] -- Found OpenSSL: /usr/lib/x86_64-linux-gnu/libcrypto.so (found version "1.1.1f")  
[0.581s] -- Found FastRTPS: /opt/ros/galactic/include  
[0.629s] -- Using all available rosidl_typesupport_cpp: rosidl_typesupport_fastrtps_cpp;rosidl_typesupport_introspection_cpp
[0.665s] -- Found rmw_implementation_cmake: 3.3.1 (/opt/ros/galactic/share/rmw_implementation_cmake/cmake)
[0.667s] -- Found rmw_cyclonedds_cpp: 0.22.4 (/opt/ros/galactic/share/rmw_cyclonedds_cpp/cmake)
[0.680s] -- Using RMW implementation 'rmw_cyclonedds_cpp' as default
[0.681s] -- Looking for pthread.h
[0.738s] -- Looking for pthread.h - found
[0.738s] -- Performing Test CMAKE_HAVE_LIBC_PTHREAD
[0.820s] -- Performing Test CMAKE_HAVE_LIBC_PTHREAD - Failed
[0.821s] -- Looking for pthread_create in pthreads
[0.899s] -- Looking for pthread_create in pthreads - not found
[0.899s] -- Looking for pthread_create in pthread
[0.990s] -- Looking for pthread_create in pthread - found
[0.991s] -- Found Threads: TRUE  
[1.121s] -- Added test 'copyright' to check source files copyright and LICENSE
[1.122s] -- Added test 'cppcheck' to perform static code analysis on C / C++ code
[1.122s] -- Configured cppcheck include dirs: 
[1.122s] -- Configured cppcheck exclude dirs and/or files: 
[1.122s] -- Added test 'cpplint' to check C / C++ code against the Google style
[1.122s] -- Configured cpplint exclude dirs and/or files: 
[1.123s] -- Added test 'lint_cmake' to check CMake code style
[1.123s] -- Added test 'uncrustify' to check C / C++ code style
[1.123s] -- Configured uncrustify additional arguments: 
[1.123s] -- Added test 'xmllint' to check XML markup files
[1.125s] -- Configuring done
[1.129s] -- Generating done
[1.130s] -- Build files have been written to: /home/zeys/projects/velodyne_data_ws/build/udacity-pcl-tut
[1.136s] Invoked command in '/home/zeys/projects/velodyne_data_ws/build/udacity-pcl-tut' returned '0': CMAKE_PREFIX_PATH=${CMAKE_PREFIX_PATH}:/opt/ros/galactic PS1=\u@\h \[\033[32m\]\w\[\033[33m\]$(parse_git_branch)\[\033[00m\] $ /usr/bin/cmake /home/zeys/projects/velodyne_data_ws/src/udacity-pcl-tut -DCMAKE_BUILD_TYPE=RelWithDebInfo -DCMAKE_EXPORT_COMPILE_COMMANDS=1 -DAMENT_CMAKE_SYMLINK_INSTALL=1 -DCMAKE_INSTALL_PREFIX=/home/zeys/projects/velodyne_data_ws/install/udacity-pcl-tut
[1.137s] Invoking command in '/home/zeys/projects/velodyne_data_ws/build/udacity-pcl-tut': CMAKE_PREFIX_PATH=${CMAKE_PREFIX_PATH}:/opt/ros/galactic PS1=\u@\h \[\033[32m\]\w\[\033[33m\]$(parse_git_branch)\[\033[00m\] $ /usr/bin/cmake --build /home/zeys/projects/velodyne_data_ws/build/udacity-pcl-tut -- -j16 -l16
[1.164s] [35m[1mScanning dependencies of target talker[0m
[1.187s] [ 50%] [32mBuilding CXX object CMakeFiles/talker.dir/src/publisher_member_function.cpp.o[0m
[5.503s] [100%] [32m[1mLinking CXX executable talker[0m
[5.590s] [100%] Built target talker
[5.597s] Invoked command in '/home/zeys/projects/velodyne_data_ws/build/udacity-pcl-tut' returned '0': CMAKE_PREFIX_PATH=${CMAKE_PREFIX_PATH}:/opt/ros/galactic PS1=\u@\h \[\033[32m\]\w\[\033[33m\]$(parse_git_branch)\[\033[00m\] $ /usr/bin/cmake --build /home/zeys/projects/velodyne_data_ws/build/udacity-pcl-tut -- -j16 -l16
[5.615s] Invoking command in '/home/zeys/projects/velodyne_data_ws/build/udacity-pcl-tut': CMAKE_PREFIX_PATH=${CMAKE_PREFIX_PATH}:/opt/ros/galactic PS1=\u@\h \[\033[32m\]\w\[\033[33m\]$(parse_git_branch)\[\033[00m\] $ /usr/bin/cmake --install /home/zeys/projects/velodyne_data_ws/build/udacity-pcl-tut
[5.619s] -- Install configuration: "RelWithDebInfo"
[5.620s] -- Execute custom install script
[5.620s] -- Symlinking: /home/zeys/projects/velodyne_data_ws/install/udacity-pcl-tut/lib/udacity-pcl-tut/talker
[5.625s] -- Symlinking: /home/zeys/projects/velodyne_data_ws/install/udacity-pcl-tut/share/ament_index/resource_index/package_run_dependencies/udacity-pcl-tut
[5.629s] -- Symlinking: /home/zeys/projects/velodyne_data_ws/install/udacity-pcl-tut/share/ament_index/resource_index/parent_prefix_path/udacity-pcl-tut
[5.636s] -- Symlinking: /home/zeys/projects/velodyne_data_ws/install/udacity-pcl-tut/share/udacity-pcl-tut/environment/ament_prefix_path.sh
[5.643s] -- Symlinking: /home/zeys/projects/velodyne_data_ws/install/udacity-pcl-tut/share/udacity-pcl-tut/environment/ament_prefix_path.dsv
[5.650s] -- Symlinking: /home/zeys/projects/velodyne_data_ws/install/udacity-pcl-tut/share/udacity-pcl-tut/environment/path.sh
[5.657s] -- Symlinking: /home/zeys/projects/velodyne_data_ws/install/udacity-pcl-tut/share/udacity-pcl-tut/environment/path.dsv
[5.662s] -- Symlinking: /home/zeys/projects/velodyne_data_ws/install/udacity-pcl-tut/share/udacity-pcl-tut/local_setup.bash
[5.667s] -- Symlinking: /home/zeys/projects/velodyne_data_ws/install/udacity-pcl-tut/share/udacity-pcl-tut/local_setup.sh
[5.671s] -- Symlinking: /home/zeys/projects/velodyne_data_ws/install/udacity-pcl-tut/share/udacity-pcl-tut/local_setup.zsh
[5.676s] -- Symlinking: /home/zeys/projects/velodyne_data_ws/install/udacity-pcl-tut/share/udacity-pcl-tut/local_setup.dsv
[5.681s] -- Symlinking: /home/zeys/projects/velodyne_data_ws/install/udacity-pcl-tut/share/udacity-pcl-tut/package.dsv
[5.685s] -- Symlinking: /home/zeys/projects/velodyne_data_ws/install/udacity-pcl-tut/share/ament_index/resource_index/packages/udacity-pcl-tut
[5.690s] -- Symlinking: /home/zeys/projects/velodyne_data_ws/install/udacity-pcl-tut/share/udacity-pcl-tut/cmake/udacity-pcl-tutConfig.cmake
[5.694s] -- Symlinking: /home/zeys/projects/velodyne_data_ws/install/udacity-pcl-tut/share/udacity-pcl-tut/cmake/udacity-pcl-tutConfig-version.cmake
[5.699s] -- Symlinking: /home/zeys/projects/velodyne_data_ws/install/udacity-pcl-tut/share/udacity-pcl-tut/package.xml
[5.705s] Invoked command in '/home/zeys/projects/velodyne_data_ws/build/udacity-pcl-tut' returned '0': CMAKE_PREFIX_PATH=${CMAKE_PREFIX_PATH}:/opt/ros/galactic PS1=\u@\h \[\033[32m\]\w\[\033[33m\]$(parse_git_branch)\[\033[00m\] $ /usr/bin/cmake --install /home/zeys/projects/velodyne_data_ws/build/udacity-pcl-tut
