[0.279s] DEBUG:colcon:Command line arguments: ['/home/zeys/.local/bin/colcon', 'build', '--cmake-args', '-DCMAKE_BUILD_TYPE=RelWithDebInfo', '-DCMAKE_EXPORT_COMPILE_COMMANDS=1', '--symlink-install']
[0.279s] DEBUG:colcon:Parsed command line arguments: Namespace(allow_overriding=[], ament_cmake_args=None, base_paths=['.'], build_base='build', catkin_cmake_args=None, catkin_skip_building_tests=False, cmake_args=['-DCMAKE_BUILD_TYPE=RelWithDebInfo', '-DCMAKE_EXPORT_COMPILE_COMMANDS=1'], cmake_clean_cache=False, cmake_clean_first=False, cmake_force_configure=False, cmake_target=None, cmake_target_skip_unavailable=False, continue_on_error=False, event_handlers=None, executor='parallel', ignore_user_meta=False, install_base='install', log_base=None, log_level=None, main=<bound method BuildVerb.main of <colcon_core.verb.build.BuildVerb object at 0x7f375f6a44c0>>, merge_install=False, metas=['./colcon.meta'], packages_above=None, packages_above_and_dependencies=None, packages_above_depth=None, packages_end=None, packages_ignore=None, packages_ignore_regex=None, packages_select=None, packages_select_build_failed=False, packages_select_by_dep=None, packages_select_regex=None, packages_select_test_failures=False, packages_skip=None, packages_skip_build_finished=False, packages_skip_by_dep=None, packages_skip_regex=None, packages_skip_test_passed=False, packages_skip_up_to=None, packages_start=None, packages_up_to=None, packages_up_to_regex=None, parallel_workers=16, paths=None, symlink_install=True, test_result_base=None, verb_extension=<colcon_core.verb.build.BuildVerb object at 0x7f375f6a44c0>, verb_name='build', verb_parser=<colcon_defaults.argument_parser.defaults.DefaultArgumentsDecorator object at 0x7f375f6a4a00>)
[0.287s] Level 1:colcon.colcon_core.package_discovery:discover_packages(colcon_meta) check parameters
[0.287s] Level 1:colcon.colcon_core.package_discovery:discover_packages(recursive) check parameters
[0.287s] Level 1:colcon.colcon_core.package_discovery:discover_packages(ignore) check parameters
[0.287s] Level 1:colcon.colcon_core.package_discovery:discover_packages(path) check parameters
[0.287s] Level 1:colcon.colcon_core.package_discovery:discover_packages(colcon_meta) discover
[0.287s] Level 1:colcon.colcon_core.package_discovery:discover_packages(recursive) discover
[0.287s] INFO:colcon.colcon_core.package_discovery:Crawling recursively for packages in '/home/zeys/projects/velodyne_data_ws'
[0.287s] Level 1:colcon.colcon_core.package_identification:_identify(.) by extensions ['ignore', 'ignore_ament_install']
[0.287s] Level 1:colcon.colcon_core.package_identification:_identify(.) by extension 'ignore'
[0.287s] Level 1:colcon.colcon_core.package_identification:_identify(.) by extension 'ignore_ament_install'
[0.287s] Level 1:colcon.colcon_core.package_identification:_identify(.) by extensions ['colcon_pkg']
[0.287s] Level 1:colcon.colcon_core.package_identification:_identify(.) by extension 'colcon_pkg'
[0.287s] Level 1:colcon.colcon_core.package_identification:_identify(.) by extensions ['colcon_meta']
[0.287s] Level 1:colcon.colcon_core.package_identification:_identify(.) by extension 'colcon_meta'
[0.287s] Level 1:colcon.colcon_core.package_identification:_identify(.) by extensions ['ros']
[0.287s] Level 1:colcon.colcon_core.package_identification:_identify(.) by extension 'ros'
[0.294s] Level 1:colcon.colcon_core.package_identification:_identify(.) by extensions ['cmake', 'python']
[0.294s] Level 1:colcon.colcon_core.package_identification:_identify(.) by extension 'cmake'
[0.294s] Level 1:colcon.colcon_core.package_identification:_identify(.) by extension 'python'
[0.294s] Level 1:colcon.colcon_core.package_identification:_identify(.) by extensions ['python_setup_py']
[0.294s] Level 1:colcon.colcon_core.package_identification:_identify(.) by extension 'python_setup_py'
[0.294s] Level 1:colcon.colcon_core.package_identification:_identify(build) by extensions ['ignore', 'ignore_ament_install']
[0.295s] Level 1:colcon.colcon_core.package_identification:_identify(build) by extension 'ignore'
[0.295s] Level 1:colcon.colcon_core.package_identification:_identify(build) ignored
[0.295s] Level 1:colcon.colcon_core.package_identification:_identify(install) by extensions ['ignore', 'ignore_ament_install']
[0.295s] Level 1:colcon.colcon_core.package_identification:_identify(install) by extension 'ignore'
[0.295s] Level 1:colcon.colcon_core.package_identification:_identify(install) ignored
[0.295s] Level 1:colcon.colcon_core.package_identification:_identify(log) by extensions ['ignore', 'ignore_ament_install']
[0.295s] Level 1:colcon.colcon_core.package_identification:_identify(log) by extension 'ignore'
[0.295s] Level 1:colcon.colcon_core.package_identification:_identify(log) ignored
[0.295s] Level 1:colcon.colcon_core.package_identification:_identify(src) by extensions ['ignore', 'ignore_ament_install']
[0.295s] Level 1:colcon.colcon_core.package_identification:_identify(src) by extension 'ignore'
[0.295s] Level 1:colcon.colcon_core.package_identification:_identify(src) by extension 'ignore_ament_install'
[0.295s] Level 1:colcon.colcon_core.package_identification:_identify(src) by extensions ['colcon_pkg']
[0.295s] Level 1:colcon.colcon_core.package_identification:_identify(src) by extension 'colcon_pkg'
[0.295s] Level 1:colcon.colcon_core.package_identification:_identify(src) by extensions ['colcon_meta']
[0.295s] Level 1:colcon.colcon_core.package_identification:_identify(src) by extension 'colcon_meta'
[0.295s] Level 1:colcon.colcon_core.package_identification:_identify(src) by extensions ['ros']
[0.295s] Level 1:colcon.colcon_core.package_identification:_identify(src) by extension 'ros'
[0.295s] Level 1:colcon.colcon_core.package_identification:_identify(src) by extensions ['cmake', 'python']
[0.295s] Level 1:colcon.colcon_core.package_identification:_identify(src) by extension 'cmake'
[0.295s] Level 1:colcon.colcon_core.package_identification:_identify(src) by extension 'python'
[0.295s] Level 1:colcon.colcon_core.package_identification:_identify(src) by extensions ['python_setup_py']
[0.295s] Level 1:colcon.colcon_core.package_identification:_identify(src) by extension 'python_setup_py'
[0.295s] Level 1:colcon.colcon_core.package_identification:_identify(src/udacity-pcl-tut) by extensions ['ignore', 'ignore_ament_install']
[0.295s] Level 1:colcon.colcon_core.package_identification:_identify(src/udacity-pcl-tut) by extension 'ignore'
[0.295s] Level 1:colcon.colcon_core.package_identification:_identify(src/udacity-pcl-tut) by extension 'ignore_ament_install'
[0.295s] Level 1:colcon.colcon_core.package_identification:_identify(src/udacity-pcl-tut) by extensions ['colcon_pkg']
[0.295s] Level 1:colcon.colcon_core.package_identification:_identify(src/udacity-pcl-tut) by extension 'colcon_pkg'
[0.295s] Level 1:colcon.colcon_core.package_identification:_identify(src/udacity-pcl-tut) by extensions ['colcon_meta']
[0.295s] Level 1:colcon.colcon_core.package_identification:_identify(src/udacity-pcl-tut) by extension 'colcon_meta'
[0.295s] Level 1:colcon.colcon_core.package_identification:_identify(src/udacity-pcl-tut) by extensions ['ros']
[0.295s] Level 1:colcon.colcon_core.package_identification:_identify(src/udacity-pcl-tut) by extension 'ros'
[0.297s] DEBUG:colcon.colcon_core.package_identification:Package 'src/udacity-pcl-tut' with type 'ros.ament_cmake' and name 'udacity-pcl-tut'
[0.297s] Level 1:colcon.colcon_core.package_discovery:discover_packages(recursive) using defaults
[0.297s] Level 1:colcon.colcon_core.package_discovery:discover_packages(ignore) discover
[0.297s] Level 1:colcon.colcon_core.package_discovery:discover_packages(ignore) using defaults
[0.297s] Level 1:colcon.colcon_core.package_discovery:discover_packages(path) discover
[0.297s] Level 1:colcon.colcon_core.package_discovery:discover_packages(path) using defaults
[0.318s] Level 5:colcon.colcon_core.verb:set package 'udacity-pcl-tut' build argument 'cmake_args' from command line to '['-DCMAKE_BUILD_TYPE=RelWithDebInfo', '-DCMAKE_EXPORT_COMPILE_COMMANDS=1']'
[0.318s] Level 5:colcon.colcon_core.verb:set package 'udacity-pcl-tut' build argument 'cmake_target' from command line to 'None'
[0.318s] Level 5:colcon.colcon_core.verb:set package 'udacity-pcl-tut' build argument 'cmake_target_skip_unavailable' from command line to 'False'
[0.318s] Level 5:colcon.colcon_core.verb:set package 'udacity-pcl-tut' build argument 'cmake_clean_cache' from command line to 'False'
[0.318s] Level 5:colcon.colcon_core.verb:set package 'udacity-pcl-tut' build argument 'cmake_clean_first' from command line to 'False'
[0.318s] Level 5:colcon.colcon_core.verb:set package 'udacity-pcl-tut' build argument 'cmake_force_configure' from command line to 'False'
[0.318s] Level 5:colcon.colcon_core.verb:set package 'udacity-pcl-tut' build argument 'ament_cmake_args' from command line to 'None'
[0.318s] Level 5:colcon.colcon_core.verb:set package 'udacity-pcl-tut' build argument 'catkin_cmake_args' from command line to 'None'
[0.318s] Level 5:colcon.colcon_core.verb:set package 'udacity-pcl-tut' build argument 'catkin_skip_building_tests' from command line to 'False'
[0.318s] DEBUG:colcon.colcon_core.verb:Building package 'udacity-pcl-tut' with the following arguments: {'ament_cmake_args': None, 'build_base': '/home/zeys/projects/velodyne_data_ws/build/udacity-pcl-tut', 'catkin_cmake_args': None, 'catkin_skip_building_tests': False, 'cmake_args': ['-DCMAKE_BUILD_TYPE=RelWithDebInfo', '-DCMAKE_EXPORT_COMPILE_COMMANDS=1'], 'cmake_clean_cache': False, 'cmake_clean_first': False, 'cmake_force_configure': False, 'cmake_target': None, 'cmake_target_skip_unavailable': False, 'install_base': '/home/zeys/projects/velodyne_data_ws/install/udacity-pcl-tut', 'merge_install': False, 'path': '/home/zeys/projects/velodyne_data_ws/src/udacity-pcl-tut', 'symlink_install': True, 'test_result_base': None}
[0.326s] INFO:colcon.colcon_core.executor:Executing jobs using 'parallel' executor
[0.332s] DEBUG:colcon.colcon_parallel_executor.executor.parallel:run_until_complete
[0.332s] INFO:colcon.colcon_ros.task.ament_cmake.build:Building ROS package in '/home/zeys/projects/velodyne_data_ws/src/udacity-pcl-tut' with build type 'ament_cmake'
[0.332s] INFO:colcon.colcon_cmake.task.cmake.build:Building CMake package in '/home/zeys/projects/velodyne_data_ws/src/udacity-pcl-tut'
[0.337s] INFO:colcon.colcon_core.plugin_system:Skipping extension 'colcon_core.shell.bat': Not used on non-Windows systems
[0.337s] INFO:colcon.colcon_core.shell:Skip shell extension 'powershell' for command environment: Not usable outside of PowerShell
[0.338s] DEBUG:colcon.colcon_core.shell:Skip shell extension 'dsv' for command environment
[0.349s] DEBUG:colcon.colcon_core.event_handler.log_command:Invoking command in '/home/zeys/projects/velodyne_data_ws/build/udacity-pcl-tut': CMAKE_PREFIX_PATH=${CMAKE_PREFIX_PATH}:/opt/ros/galactic PS1=\u@\h \[\033[32m\]\w\[\033[33m\]$(parse_git_branch)\[\033[00m\] $ /usr/bin/cmake /home/zeys/projects/velodyne_data_ws/src/udacity-pcl-tut -DCMAKE_BUILD_TYPE=RelWithDebInfo -DCMAKE_EXPORT_COMPILE_COMMANDS=1 -DAMENT_CMAKE_SYMLINK_INSTALL=1 -DCMAKE_INSTALL_PREFIX=/home/zeys/projects/velodyne_data_ws/install/udacity-pcl-tut
[1.468s] DEBUG:colcon.colcon_core.event_handler.log_command:Invoked command in '/home/zeys/projects/velodyne_data_ws/build/udacity-pcl-tut' returned '0': CMAKE_PREFIX_PATH=${CMAKE_PREFIX_PATH}:/opt/ros/galactic PS1=\u@\h \[\033[32m\]\w\[\033[33m\]$(parse_git_branch)\[\033[00m\] $ /usr/bin/cmake /home/zeys/projects/velodyne_data_ws/src/udacity-pcl-tut -DCMAKE_BUILD_TYPE=RelWithDebInfo -DCMAKE_EXPORT_COMPILE_COMMANDS=1 -DAMENT_CMAKE_SYMLINK_INSTALL=1 -DCMAKE_INSTALL_PREFIX=/home/zeys/projects/velodyne_data_ws/install/udacity-pcl-tut
[1.470s] DEBUG:colcon.colcon_core.event_handler.log_command:Invoking command in '/home/zeys/projects/velodyne_data_ws/build/udacity-pcl-tut': CMAKE_PREFIX_PATH=${CMAKE_PREFIX_PATH}:/opt/ros/galactic PS1=\u@\h \[\033[32m\]\w\[\033[33m\]$(parse_git_branch)\[\033[00m\] $ /usr/bin/cmake --build /home/zeys/projects/velodyne_data_ws/build/udacity-pcl-tut -- -j16 -l16
[5.930s] DEBUG:colcon.colcon_core.event_handler.log_command:Invoked command in '/home/zeys/projects/velodyne_data_ws/build/udacity-pcl-tut' returned '0': CMAKE_PREFIX_PATH=${CMAKE_PREFIX_PATH}:/opt/ros/galactic PS1=\u@\h \[\033[32m\]\w\[\033[33m\]$(parse_git_branch)\[\033[00m\] $ /usr/bin/cmake --build /home/zeys/projects/velodyne_data_ws/build/udacity-pcl-tut -- -j16 -l16
[5.948s] DEBUG:colcon.colcon_core.event_handler.log_command:Invoking command in '/home/zeys/projects/velodyne_data_ws/build/udacity-pcl-tut': CMAKE_PREFIX_PATH=${CMAKE_PREFIX_PATH}:/opt/ros/galactic PS1=\u@\h \[\033[32m\]\w\[\033[33m\]$(parse_git_branch)\[\033[00m\] $ /usr/bin/cmake --install /home/zeys/projects/velodyne_data_ws/build/udacity-pcl-tut
[6.037s] Level 1:colcon.colcon_core.environment:create_environment_scripts_only(udacity-pcl-tut)
[6.038s] DEBUG:colcon.colcon_core.event_handler.log_command:Invoked command in '/home/zeys/projects/velodyne_data_ws/build/udacity-pcl-tut' returned '0': CMAKE_PREFIX_PATH=${CMAKE_PREFIX_PATH}:/opt/ros/galactic PS1=\u@\h \[\033[32m\]\w\[\033[33m\]$(parse_git_branch)\[\033[00m\] $ /usr/bin/cmake --install /home/zeys/projects/velodyne_data_ws/build/udacity-pcl-tut
[6.042s] Level 1:colcon.colcon_core.environment:checking '/home/zeys/projects/velodyne_data_ws/install/udacity-pcl-tut' for CMake module files
[6.042s] Level 1:colcon.colcon_core.environment:checking '/home/zeys/projects/velodyne_data_ws/install/udacity-pcl-tut' for CMake config files
[6.042s] Level 1:colcon.colcon_core.shell:create_environment_hook('udacity-pcl-tut', 'cmake_prefix_path')
[6.045s] INFO:colcon.colcon_core.shell:Creating environment hook '/home/zeys/projects/velodyne_data_ws/install/udacity-pcl-tut/share/udacity-pcl-tut/hook/cmake_prefix_path.ps1'
[6.046s] INFO:colcon.colcon_core.shell:Creating environment descriptor '/home/zeys/projects/velodyne_data_ws/install/udacity-pcl-tut/share/udacity-pcl-tut/hook/cmake_prefix_path.dsv'
[6.046s] INFO:colcon.colcon_core.shell:Creating environment hook '/home/zeys/projects/velodyne_data_ws/install/udacity-pcl-tut/share/udacity-pcl-tut/hook/cmake_prefix_path.sh'
[6.047s] Level 1:colcon.colcon_core.environment:checking '/home/zeys/projects/velodyne_data_ws/install/udacity-pcl-tut/lib'
[6.047s] Level 1:colcon.colcon_core.environment:checking '/home/zeys/projects/velodyne_data_ws/install/udacity-pcl-tut/bin'
[6.047s] Level 1:colcon.colcon_core.environment:checking '/home/zeys/projects/velodyne_data_ws/install/udacity-pcl-tut/lib/pkgconfig/udacity-pcl-tut.pc'
[6.047s] Level 1:colcon.colcon_core.environment:checking '/home/zeys/projects/velodyne_data_ws/install/udacity-pcl-tut/lib/python3.8/site-packages'
[6.051s] INFO:colcon.colcon_core.shell:Creating package script '/home/zeys/projects/velodyne_data_ws/install/udacity-pcl-tut/share/udacity-pcl-tut/package.ps1'
[6.052s] INFO:colcon.colcon_core.shell:Creating package descriptor '/home/zeys/projects/velodyne_data_ws/install/udacity-pcl-tut/share/udacity-pcl-tut/package.dsv'
[6.052s] INFO:colcon.colcon_core.shell:Creating package script '/home/zeys/projects/velodyne_data_ws/install/udacity-pcl-tut/share/udacity-pcl-tut/package.sh'
[6.052s] INFO:colcon.colcon_core.shell:Creating package script '/home/zeys/projects/velodyne_data_ws/install/udacity-pcl-tut/share/udacity-pcl-tut/package.bash'
[6.053s] INFO:colcon.colcon_core.shell:Creating package script '/home/zeys/projects/velodyne_data_ws/install/udacity-pcl-tut/share/udacity-pcl-tut/package.zsh'
[6.053s] Level 1:colcon.colcon_core.environment:create_file_with_runtime_dependencies(/home/zeys/projects/velodyne_data_ws/install/udacity-pcl-tut/share/colcon-core/packages/udacity-pcl-tut)
[6.073s] Level 1:colcon.colcon_core.environment:create_environment_scripts_only(udacity-pcl-tut)
[6.076s] Level 1:colcon.colcon_core.environment:checking '/home/zeys/projects/velodyne_data_ws/install/udacity-pcl-tut' for CMake module files
[6.077s] Level 1:colcon.colcon_core.environment:checking '/home/zeys/projects/velodyne_data_ws/install/udacity-pcl-tut' for CMake config files
[6.077s] Level 1:colcon.colcon_core.shell:create_environment_hook('udacity-pcl-tut', 'cmake_prefix_path')
[6.079s] INFO:colcon.colcon_core.shell:Creating environment hook '/home/zeys/projects/velodyne_data_ws/install/udacity-pcl-tut/share/udacity-pcl-tut/hook/cmake_prefix_path.ps1'
[6.080s] INFO:colcon.colcon_core.shell:Creating environment descriptor '/home/zeys/projects/velodyne_data_ws/install/udacity-pcl-tut/share/udacity-pcl-tut/hook/cmake_prefix_path.dsv'
[6.080s] INFO:colcon.colcon_core.shell:Creating environment hook '/home/zeys/projects/velodyne_data_ws/install/udacity-pcl-tut/share/udacity-pcl-tut/hook/cmake_prefix_path.sh'
[6.080s] Level 1:colcon.colcon_core.environment:checking '/home/zeys/projects/velodyne_data_ws/install/udacity-pcl-tut/lib'
[6.080s] Level 1:colcon.colcon_core.environment:checking '/home/zeys/projects/velodyne_data_ws/install/udacity-pcl-tut/bin'
[6.080s] Level 1:colcon.colcon_core.environment:checking '/home/zeys/projects/velodyne_data_ws/install/udacity-pcl-tut/lib/pkgconfig/udacity-pcl-tut.pc'
[6.080s] Level 1:colcon.colcon_core.environment:checking '/home/zeys/projects/velodyne_data_ws/install/udacity-pcl-tut/lib/python3.8/site-packages'
[6.083s] INFO:colcon.colcon_core.shell:Creating package script '/home/zeys/projects/velodyne_data_ws/install/udacity-pcl-tut/share/udacity-pcl-tut/package.ps1'
[6.083s] INFO:colcon.colcon_core.shell:Creating package descriptor '/home/zeys/projects/velodyne_data_ws/install/udacity-pcl-tut/share/udacity-pcl-tut/package.dsv'
[6.084s] INFO:colcon.colcon_core.shell:Creating package script '/home/zeys/projects/velodyne_data_ws/install/udacity-pcl-tut/share/udacity-pcl-tut/package.sh'
[6.084s] INFO:colcon.colcon_core.shell:Creating package script '/home/zeys/projects/velodyne_data_ws/install/udacity-pcl-tut/share/udacity-pcl-tut/package.bash'
[6.084s] INFO:colcon.colcon_core.shell:Creating package script '/home/zeys/projects/velodyne_data_ws/install/udacity-pcl-tut/share/udacity-pcl-tut/package.zsh'
[6.084s] Level 1:colcon.colcon_core.environment:create_file_with_runtime_dependencies(/home/zeys/projects/velodyne_data_ws/install/udacity-pcl-tut/share/colcon-core/packages/udacity-pcl-tut)
[6.084s] DEBUG:colcon.colcon_parallel_executor.executor.parallel:closing loop
[6.084s] DEBUG:colcon.colcon_parallel_executor.executor.parallel:loop closed
[6.085s] DEBUG:colcon.colcon_parallel_executor.executor.parallel:run_until_complete finished with '0'
[6.085s] DEBUG:colcon.colcon_core.event_reactor:joining thread
[6.090s] INFO:colcon.colcon_core.plugin_system:Skipping extension 'colcon_notification.desktop_notification.terminal_notifier': Not used on non-Darwin systems
[6.090s] INFO:colcon.colcon_core.plugin_system:Skipping extension 'colcon_notification.desktop_notification.win32': Not used on non-Windows systems
[6.090s] INFO:colcon.colcon_notification.desktop_notification:Sending desktop notification using 'notify2'
[6.107s] DEBUG:colcon.colcon_core.event_reactor:joined thread
[6.113s] INFO:colcon.colcon_core.shell:Creating prefix script '/home/zeys/projects/velodyne_data_ws/install/local_setup.ps1'
[6.115s] INFO:colcon.colcon_core.shell:Creating prefix util module '/home/zeys/projects/velodyne_data_ws/install/_local_setup_util_ps1.py'
[6.116s] INFO:colcon.colcon_core.shell:Creating prefix chain script '/home/zeys/projects/velodyne_data_ws/install/setup.ps1'
[6.122s] INFO:colcon.colcon_core.shell:Creating prefix script '/home/zeys/projects/velodyne_data_ws/install/local_setup.sh'
[6.123s] INFO:colcon.colcon_core.shell:Creating prefix util module '/home/zeys/projects/velodyne_data_ws/install/_local_setup_util_sh.py'
[6.123s] INFO:colcon.colcon_core.shell:Creating prefix chain script '/home/zeys/projects/velodyne_data_ws/install/setup.sh'
[6.126s] INFO:colcon.colcon_core.shell:Creating prefix script '/home/zeys/projects/velodyne_data_ws/install/local_setup.bash'
[6.126s] INFO:colcon.colcon_core.shell:Creating prefix chain script '/home/zeys/projects/velodyne_data_ws/install/setup.bash'
[6.128s] INFO:colcon.colcon_core.shell:Creating prefix script '/home/zeys/projects/velodyne_data_ws/install/local_setup.zsh'
[6.129s] INFO:colcon.colcon_core.shell:Creating prefix chain script '/home/zeys/projects/velodyne_data_ws/install/setup.zsh'
